<?xml version="1.0" encoding="UTF-8"?>
<robot generator="Robot 7.0 (Python 3.12.2 on win32)" generated="2024-05-20T16:53:52.978174" rpa="false" schemaversion="5">
<suite id="s1" name="loginData" source="D:\POM_robot_demoblaze\TestCases\loginData.robot">
<test id="s1-t1" name="validate Successful login using invalid credentials" line="25">
<kw name="open the browser" owner="GenericResource" type="SETUP">
<kw name="Create Webdriver" owner="SeleniumLibrary">
<msg time="2024-05-20T16:53:53.429093" level="INFO">Creating an instance of the Chrome WebDriver.</msg>
<arg>${browser_name}</arg>
<doc>Creates an instance of Selenium WebDriver.</doc>
<status status="PASS" start="2024-05-20T16:53:53.429093" elapsed="3.025032"/>
</kw>
<kw name="Go To" owner="SeleniumLibrary">
<msg time="2024-05-20T16:53:56.457377" level="INFO">Opening url 'https://www.demoblaze.com/index.html#'</msg>
<arg>${url}</arg>
<doc>Navigates the current browser window to the provided ``url``.</doc>
<status status="PASS" start="2024-05-20T16:53:56.456494" elapsed="1.631348"/>
</kw>
<kw name="Maximize Browser Window" owner="SeleniumLibrary">
<doc>Maximizes current browser window.</doc>
<status status="PASS" start="2024-05-20T16:53:58.089509" elapsed="1.279228"/>
</kw>
<kw name="Set Selenium Implicit Wait" owner="SeleniumLibrary">
<arg>5</arg>
<doc>Sets the implicit wait value used by Selenium.</doc>
<status status="PASS" start="2024-05-20T16:53:59.368737" elapsed="0.008513"/>
</kw>
<status status="PASS" start="2024-05-20T16:53:53.429093" elapsed="5.948157"/>
</kw>
<kw name="Click the login button" owner="LoginResource">
<kw name="Click Element" owner="SeleniumLibrary">
<msg time="2024-05-20T16:53:59.385313" level="INFO">Clicking element 'xpath:(//a[@class='nav-link'])[5]'.</msg>
<arg>${login}</arg>
<doc>Click the element identified by ``locator``.</doc>
<status status="PASS" start="2024-05-20T16:53:59.385313" elapsed="1.144250"/>
</kw>
<status status="PASS" start="2024-05-20T16:53:59.377250" elapsed="1.154006"/>
</kw>
<kw name="Fill the login form" owner="LoginResource">
<kw name="Input Text" owner="SeleniumLibrary">
<msg time="2024-05-20T16:54:00.549871" level="INFO">Typing text '12344' into text field 'xpath://input[@id='loginusername']'.</msg>
<arg>xpath://input[@id='loginusername']</arg>
<arg>${username}</arg>
<doc>Types the given ``text`` into the text field identified by ``locator``.</doc>
<status status="PASS" start="2024-05-20T16:54:00.534731" elapsed="2.760931"/>
</kw>
<kw name="Input Password" owner="SeleniumLibrary">
<msg time="2024-05-20T16:54:03.300234" level="INFO">Typing password into text field 'xpath://input[@id='loginpassword']'.</msg>
<msg time="2024-05-20T16:54:03.795642" level="INFO">Temporally setting log level to: NONE</msg>
<arg>xpath://input[@id='loginpassword']</arg>
<arg>${password}</arg>
<doc>Types the given password into the text field identified by ``locator``.</doc>
<status status="PASS" start="2024-05-20T16:54:03.295662" elapsed="1.609179"/>
</kw>
<kw name="Click Button" owner="SeleniumLibrary">
<msg time="2024-05-20T16:54:04.904841" level="INFO">Clicking button 'xpath://button[text()='Log in']'.</msg>
<arg>xpath://button[text()='Log in']</arg>
<doc>Clicks the button identified by ``locator``.</doc>
<status status="PASS" start="2024-05-20T16:54:04.904841" elapsed="1.320791"/>
</kw>
<arg>${invalid_username}</arg>
<arg>${invalid_password}</arg>
<status status="PASS" start="2024-05-20T16:54:00.533273" elapsed="5.693523"/>
</kw>
<kw name="verify the invalid credentials" owner="LoginResource">
<kw name="Alert Should Be Present" owner="SeleniumLibrary">
<msg time="2024-05-20T16:54:06.234501" level="INFO">HANDLE::&lt;class 'NoneType'&gt;::None</msg>
<arg>Wrong password.</arg>
<doc>Verifies that an alert is present and by default, accepts it.</doc>
<status status="PASS" start="2024-05-20T16:54:06.232087" elapsed="1.117770"/>
</kw>
<status status="PASS" start="2024-05-20T16:54:06.227834" elapsed="1.122023"/>
</kw>
<kw name="close browser session" owner="GenericResource" type="TEARDOWN">
<kw name="Close Browser" owner="SeleniumLibrary">
<doc>Closes the current browser.</doc>
<status status="PASS" start="2024-05-20T16:54:07.352608" elapsed="3.292840"/>
</kw>
<status status="PASS" start="2024-05-20T16:54:07.351590" elapsed="3.293858"/>
</kw>
<status status="PASS" start="2024-05-20T16:53:53.423005" elapsed="17.222443"/>
</test>
<doc>test to logim to login page</doc>
<status status="PASS" start="2024-05-20T16:53:53.007754" elapsed="17.637694"/>
</suite>
<statistics>
<total>
<stat pass="1" fail="0" skip="0">All Tests</stat>
</total>
<tag>
</tag>
<suite>
<stat pass="1" fail="0" skip="0" id="s1" name="loginData">loginData</stat>
</suite>
</statistics>
<errors>
</errors>
</robot>
