<?xml version="1.0" encoding="UTF-8"?>
<robot generator="Robot 7.0 (Python 3.12.2 on win32)" generated="2024-05-20T16:53:53.128072" rpa="false" schemaversion="5">
<suite id="s1" name="loginData" source="D:\POM_robot_demoblaze\TestCases\loginData.robot">
<test id="s1-t1" name="validate Successful login using valid credentials" line="20">
<kw name="open the browser" owner="GenericResource" type="SETUP">
<kw name="Create Webdriver" owner="SeleniumLibrary">
<msg time="2024-05-20T16:53:53.580017" level="INFO">Creating an instance of the Chrome WebDriver.</msg>
<arg>${browser_name}</arg>
<doc>Creates an instance of Selenium WebDriver.</doc>
<status status="PASS" start="2024-05-20T16:53:53.580017" elapsed="4.097966"/>
</kw>
<kw name="Go To" owner="SeleniumLibrary">
<msg time="2024-05-20T16:53:57.682210" level="INFO">Opening url 'https://www.demoblaze.com/index.html#'</msg>
<arg>${url}</arg>
<doc>Navigates the current browser window to the provided ``url``.</doc>
<status status="PASS" start="2024-05-20T16:53:57.679553" elapsed="1.828217"/>
</kw>
<kw name="Maximize Browser Window" owner="SeleniumLibrary">
<doc>Maximizes current browser window.</doc>
<status status="PASS" start="2024-05-20T16:53:59.508795" elapsed="1.765956"/>
</kw>
<kw name="Set Selenium Implicit Wait" owner="SeleniumLibrary">
<arg>5</arg>
<doc>Sets the implicit wait value used by Selenium.</doc>
<status status="PASS" start="2024-05-20T16:54:01.274751" elapsed="0.227404"/>
</kw>
<status status="PASS" start="2024-05-20T16:53:53.580017" elapsed="7.924695"/>
</kw>
<kw name="Click the login button" owner="LoginResource">
<kw name="Click Element" owner="SeleniumLibrary">
<msg time="2024-05-20T16:54:01.504712" level="INFO">Clicking element 'xpath:(//a[@class='nav-link'])[5]'.</msg>
<arg>${login}</arg>
<doc>Click the element identified by ``locator``.</doc>
<status status="PASS" start="2024-05-20T16:54:01.504712" elapsed="0.492871"/>
</kw>
<status status="PASS" start="2024-05-20T16:54:01.504712" elapsed="0.492871"/>
</kw>
<kw name="Fill the login form" owner="LoginResource">
<kw name="Input Text" owner="SeleniumLibrary">
<msg time="2024-05-20T16:54:02.002536" level="INFO">Typing text 'admin' into text field 'xpath://input[@id='loginusername']'.</msg>
<arg>xpath://input[@id='loginusername']</arg>
<arg>${username}</arg>
<doc>Types the given ``text`` into the text field identified by ``locator``.</doc>
<status status="PASS" start="2024-05-20T16:54:02.000640" elapsed="1.771893"/>
</kw>
<kw name="Input Password" owner="SeleniumLibrary">
<msg time="2024-05-20T16:54:03.773982" level="INFO">Typing password into text field 'xpath://input[@id='loginpassword']'.</msg>
<msg time="2024-05-20T16:54:03.953163" level="INFO">Temporally setting log level to: NONE</msg>
<arg>xpath://input[@id='loginpassword']</arg>
<arg>${password}</arg>
<doc>Types the given password into the text field identified by ``locator``.</doc>
<status status="PASS" start="2024-05-20T16:54:03.773351" elapsed="1.910386"/>
</kw>
<kw name="Click Button" owner="SeleniumLibrary">
<msg time="2024-05-20T16:54:05.691842" level="INFO">Clicking button 'xpath://button[text()='Log in']'.</msg>
<arg>xpath://button[text()='Log in']</arg>
<doc>Clicks the button identified by ``locator``.</doc>
<status status="PASS" start="2024-05-20T16:54:05.686929" elapsed="0.915638"/>
</kw>
<arg>${valid_username}</arg>
<arg>${valid_password}</arg>
<status status="PASS" start="2024-05-20T16:54:02.000640" elapsed="4.601927"/>
</kw>
<kw name="verify the valid credentials" owner="LoginResource">
<kw name="Element Text Should Be" owner="SeleniumLibrary">
<msg time="2024-05-20T16:54:06.609620" level="INFO">Verifying element 'xpath://a[@id="nava"]' contains exact text 'PRODUCT STORE'.</msg>
<arg>${product_page}</arg>
<arg>PRODUCT STORE</arg>
<doc>Verifies that element ``locator`` contains exact the text ``expected``.</doc>
<status status="PASS" start="2024-05-20T16:54:06.609620" elapsed="0.126125"/>
</kw>
<status status="PASS" start="2024-05-20T16:54:06.607351" elapsed="0.128394"/>
</kw>
<kw name="close browser session" owner="GenericResource" type="TEARDOWN">
<kw name="Close Browser" owner="SeleniumLibrary">
<doc>Closes the current browser.</doc>
<status status="PASS" start="2024-05-20T16:54:06.743907" elapsed="3.860929"/>
</kw>
<status status="PASS" start="2024-05-20T16:54:06.735745" elapsed="3.869091"/>
</kw>
<status status="PASS" start="2024-05-20T16:53:53.569999" elapsed="17.034837"/>
</test>
<doc>test to logim to login page</doc>
<status status="PASS" start="2024-05-20T16:53:53.148630" elapsed="17.456206"/>
</suite>
<statistics>
<total>
<stat pass="1" fail="0" skip="0">All Tests</stat>
</total>
<tag>
</tag>
<suite>
<stat pass="1" fail="0" skip="0" id="s1" name="loginData">loginData</stat>
</suite>
</statistics>
<errors>
</errors>
</robot>
